<?xml version="1.0" encoding="UTF-8"?>
<testsuite xmlns:xsi="http://www.w3.org/2001/XMLSchema-instance" xsi:schemaLocation="https://maven.apache.org/surefire/maven-surefire-plugin/xsd/surefire-test-report.xsd" name="com.salesforce.runner.LoginRunner" time="96.066" tests="6" errors="0" skipped="0" failures="0">
  <properties>
[...]
</properties>
  <testcase name="runScenario" classname="com.salesforce.runner.LoginRunner" time="10.257"/>
  <testcase name="runScenario" classname="com.salesforce.runner.LoginRunner" time="18.124"/>
  <testcase name="runScenario" classname="com.salesforce.runner.LoginRunner" time="23.696"/>
  <testcase name="runScenario" classname="com.salesforce.runner.LoginRunner" time="9.974"/>
  <testcase name="runScenario" classname="com.salesforce.runner.LoginRunner" time="9.916"/>
  <testcase name="runScenario" classname="com.salesforce.runner.LoginRunner" time="22.788"/>
</testsuite>